<?xml version="1.0" encoding="UTF-8"?>
<!-- Generated by org.testng.reporters.JUnitReportReporter -->
<testsuite hostname="HpLaptop" failures="1" tests="1" name="TestRunner.Run" time="35.188" errors="0" timestamp="2025-05-10T18:20:31 IST" skipped="0">
  <testcase classname="TestRunner.Run" name="runScenario" time="35.188">
    <failure message="expected [Hel] but found [Help]" type="java.lang.AssertionError">
      <![CDATA[java.lang.AssertionError: expected [Hel] but found [Help]
at org.testng.Assert.fail(Assert.java:111)
at org.testng.Assert.failNotEquals(Assert.java:1578)
at org.testng.Assert.assertEqualsImpl(Assert.java:150)
at org.testng.Assert.assertEquals(Assert.java:132)
at org.testng.Assert.assertEquals(Assert.java:656)
at org.testng.Assert.assertEquals(Assert.java:666)
at StepDefnition.StepDef3.when_hover_on_help_button_then_help_title_should_be_shown(StepDef3.java:57)
at ✽.when hover on help button then Help title should be shown(file:///C:/Users/HP/Desktop/New%20Maven%20Project/OrangeHRM/Features/TotalElement.feature:20)
]]>
    </failure>
  </testcase> <!-- runScenario -->
</testsuite> <!-- TestRunner.Run -->
